<?xml version="1.0" encoding="UTF-8"?>
<testsuite xmlns:xsi="http://www.w3.org/2001/XMLSchema-instance" xsi:noNamespaceSchemaLocation="https://maven.apache.org/surefire/maven-surefire-plugin/xsd/surefire-test-report.xsd" name="nc.unc.kevin.trochon.CalculTest" time="0.088" tests="5" errors="0" skipped="0" failures="0">
  <properties>
[...]
</properties>
  <testcase name="nc.unc.kevin.trochon.CalculTest.testConstructeur" classname="nc.unc.kevin.trochon.CalculTest" time="0"/>
  <testcase name="nc.unc.kevin.trochon.CalculTest.testSomme" classname="nc.unc.kevin.trochon.CalculTest" time="0"/>
  <testcase name="nc.unc.kevin.trochon.CalculTest.testDivision" classname="nc.unc.kevin.trochon.CalculTest" time="0"/>
  <testcase name="nc.unc.kevin.trochon.CalculTest.testMafonction" classname="nc.unc.kevin.trochon.CalculTest" time="0"/>
  <testcase name="nc.unc.kevin.trochon.CalculTest.testDivisionEchecTableauVide" classname="nc.unc.kevin.trochon.CalculTest" time="0.064"/>
</testsuite>